#
# There is insufficient memory for the Java Runtime Environment to continue.
# Native memory allocation (mmap) failed to map 141557760 bytes for committing reserved memory.
# Possible reasons:
#   The system is out of physical RAM or swap space
#   In 32 bit mode, the process size limit was hit
# Possible solutions:
#   Reduce memory load on the system
#   Increase physical memory or swap space
#   Check if swap backing store is full
#   Use 64 bit Java on a 64 bit OS
#   Decrease Java heap size (-Xmx/-Xms)
#   Decrease number of Java threads
#   Decrease Java thread stack sizes (-Xss)
#   Set larger code cache with -XX:ReservedCodeCacheSize=
# This output file may be truncated or incomplete.
#
#  Out of Memory Error (os_linux.cpp:2627), pid=11913, tid=140337021134592
#
# JRE version: Java(TM) SE Runtime Environment (8.0_74-b02) (build 1.8.0_74-b02)
# Java VM: Java HotSpot(TM) 64-Bit Server VM (25.74-b02 mixed mode linux-amd64 compressed oops)
# Failed to write core dump. Core dumps have been disabled. To enable core dumping, try "ulimit -c unlimited" before starting Java again
#

---------------  T H R E A D  ---------------

Current thread (0x00007fa2d4078000):  VMThread [stack: 0x00007fa2c23b2000,0x00007fa2c24b3000] [id=11922]

Stack: [0x00007fa2c23b2000,0x00007fa2c24b3000],  sp=0x00007fa2c24b1060,  free space=1020k
Native frames: (J=compiled Java code, j=interpreted, Vv=VM code, C=native code)
V  [libjvm.so+0xaba7ea]  VMError::report_and_die()+0x2ba
V  [libjvm.so+0x4f9e3b]  report_vm_out_of_memory(char const*, int, unsigned long, VMErrorType, char const*)+0x8b
V  [libjvm.so+0x91b613]  os::Linux::commit_memory_impl(char*, unsigned long, bool)+0x103
V  [libjvm.so+0x91bb69]  os::pd_commit_memory(char*, unsigned long, unsigned long, bool)+0x29
V  [libjvm.so+0x915e6a]  os::commit_memory(char*, unsigned long, unsigned long, bool)+0x2a
V  [libjvm.so+0x989543]  PSVirtualSpace::expand_by(unsigned long)+0x53
V  [libjvm.so+0x98a948]  PSYoungGen::resize_generation(unsigned long, unsigned long)+0xf8
V  [libjvm.so+0x989aa2]  PSYoungGen::resize(unsigned long, unsigned long)+0x22
V  [libjvm.so+0x986d7b]  PSScavenge::invoke_no_policy()+0xf3b
V  [libjvm.so+0x987501]  PSScavenge::invoke()+0x41
V  [libjvm.so+0x93f300]  ParallelScavengeHeap::failed_mem_allocate(unsigned long)+0x70
V  [libjvm.so+0xabc207]  VM_ParallelGCFailedAllocation::doit()+0x97
V  [libjvm.so+0xac3c35]  VM_Operation::evaluate()+0x55
V  [libjvm.so+0xac200a]  VMThread::evaluate_operation(VM_Operation*)+0xba
V  [libjvm.so+0xac238e]  VMThread::loop()+0x1ce
V  [libjvm.so+0xac2800]  VMThread::run()+0x70
V  [libjvm.so+0x91d9d8]  java_start(Thread*)+0x108

VM_Operation (0x00007fa2dcb6d610): ParallelGCFailedAllocation, mode: safepoint, requested by thread 0x00007fa2d400a000


---------------  P R O C E S S  ---------------

Java Threads: ( => current thread )
  0x00007fa2d4166800 JavaThread "pool-1-thread-4" [_thread_blocked, id=11948, stack(0x00007fa2c0fae000,0x00007fa2c10af000)]
  0x00007fa2d4164800 JavaThread "pool-1-thread-3" [_thread_blocked, id=11947, stack(0x00007fa2c10af000,0x00007fa2c11b0000)]
  0x00007fa2d4163800 JavaThread "pool-1-thread-2" [_thread_blocked, id=11941, stack(0x00007fa2c11b0000,0x00007fa2c12b1000)]
  0x00007fa2d4160800 JavaThread "pool-2-thread-1" [_thread_blocked, id=11937, stack(0x00007fa2c12b1000,0x00007fa2c13b2000)]
  0x00007fa2d415e800 JavaThread "pool-1-thread-1" [_thread_blocked, id=11936, stack(0x00007fa2c13b2000,0x00007fa2c14b3000)]
  0x00007fa2d40d2000 JavaThread "Service Thread" daemon [_thread_blocked, id=11929, stack(0x00007fa2c15c9000,0x00007fa2c16ca000)]
  0x00007fa2d40bd000 JavaThread "C1 CompilerThread2" daemon [_thread_blocked, id=11928, stack(0x00007fa2c16ca000,0x00007fa2c17cb000)]
  0x00007fa2d40bb800 JavaThread "C2 CompilerThread1" daemon [_thread_blocked, id=11927, stack(0x00007fa2c17cb000,0x00007fa2c18cc000)]
  0x00007fa2d40b8800 JavaThread "C2 CompilerThread0" daemon [_thread_blocked, id=11926, stack(0x00007fa2c18cc000,0x00007fa2c19cd000)]
  0x00007fa2d40b7000 JavaThread "Signal Dispatcher" daemon [_thread_blocked, id=11925, stack(0x00007fa2c19cd000,0x00007fa2c1ace000)]
  0x00007fa2d4084000 JavaThread "Finalizer" daemon [_thread_blocked, id=11924, stack(0x00007fa2c21b0000,0x00007fa2c22b1000)]
  0x00007fa2d407f800 JavaThread "Reference Handler" daemon [_thread_blocked, id=11923, stack(0x00007fa2c22b1000,0x00007fa2c23b2000)]
  0x00007fa2d400a000 JavaThread "main" [_thread_blocked, id=11915, stack(0x00007fa2dca6f000,0x00007fa2dcb70000)]

Other Threads:
=>0x00007fa2d4078000 VMThread [stack: 0x00007fa2c23b2000,0x00007fa2c24b3000] [id=11922]
  0x00007fa2d40dd000 WatcherThread [stack: 0x00007fa2c14c8000,0x00007fa2c15c9000] [id=11930]

VM state:at safepoint (normal execution)

VM Mutex/Monitor currently owned by a thread:  ([mutex/lock_event])
[0x00007fa2d40064d0] Threads_lock - owner thread: 0x00007fa2d4078000
[0x00007fa2d40069d0] Heap_lock - owner thread: 0x00007fa2d400a000

Heap:
 PSYoungGen      total 137216K, used 16370K [0x00000000eab00000, 0x00000000f4300000, 0x0000000100000000)
  eden space 120832K, 0% used [0x00000000eab00000,0x00000000eab00000,0x00000000f2100000)
  from space 16384K, 99% used [0x00000000f2100000,0x00000000f30fc9c0,0x00000000f3100000)
  to   space 14336K, 0% used [0x00000000f3100000,0x00000000f3100000,0x00000000f3f00000)
 ParOldGen       total 40960K, used 34595K [0x00000000c0000000, 0x00000000c2800000, 0x00000000eab00000)
  object space 40960K, 84% used [0x00000000c0000000,0x00000000c21c8e00,0x00000000c2800000)
 Metaspace       used 6360K, capacity 7192K, committed 7424K, reserved 1056768K
  class space    used 615K, capacity 656K, committed 768K, reserved 1048576K

Card table byte_map: [0x00007fa2d962e000,0x00007fa2d982f000] byte_map_base: 0x00007fa2d902e000

Marking Bits: (ParMarkBitMap*) 0x00007fa2dbf44260
 Begin Bits: [0x00007fa2c3000000, 0x00007fa2c4000000)
 End Bits:   [0x00007fa2c4000000, 0x00007fa2c5000000)

Polling page: 0x00007fa2dcb8b000

CodeCache: size=245760Kb used=7167Kb max_used=7167Kb free=238592Kb
 bounds [0x00007fa2c5000000, 0x00007fa2c5710000, 0x00007fa2d4000000]
 total_blobs=2120 nmethods=1851 adapters=182
 compilation: enabled

Compilation events (10 events):
Event: 26.344 Thread 0x00007fa2d40bd000 2583 %     3       com.android.dx.dex.cf.CfTranslator::translate0 @ 141 (259 bytes)
Event: 26.350 Thread 0x00007fa2d40bd000 nmethod 2583% 0x00007fa2c56fd3d0 code [0x00007fa2c56fd860, 0x00007fa2c57008b8]
Event: 26.350 Thread 0x00007fa2d40bd000 2584       2       java.util.concurrent.FutureTask::set (36 bytes)
Event: 26.350 Thread 0x00007fa2d40bd000 nmethod 2584 0x00007fa2c5702750 code [0x00007fa2c57028c0, 0x00007fa2c5702aa8]
Event: 26.350 Thread 0x00007fa2d40bd000 2585       1       com.android.dx.cf.attrib.InnerClassList$Item::getInnerName (5 bytes)
Event: 26.350 Thread 0x00007fa2d40bd000 nmethod 2585 0x00007fa2c5702b50 code [0x00007fa2c5702ca0, 0x00007fa2c5702db0]
Event: 26.351 Thread 0x00007fa2d40bd000 2586       1       com.android.dx.cf.attrib.InnerClassList$Item::getAccessFlags (5 bytes)
Event: 26.351 Thread 0x00007fa2d40bd000 nmethod 2586 0x00007fa2c5702e10 code [0x00007fa2c5702f60, 0x00007fa2c5703070]
Event: 26.351 Thread 0x00007fa2d40bd000 2587       2       com.android.dx.dex.file.AnnotationUtils::makeInnerClass (65 bytes)
Event: 26.351 Thread 0x00007fa2d40bd000 nmethod 2587 0x00007fa2c57030d0 code [0x00007fa2c57032c0, 0x00007fa2c57037d8]

GC Heap History (10 events):
Event: 6.606 GC heap after
Heap after GC invocations=2 (full 0):
 PSYoungGen      total 33280K, used 2557K [0x00000000eab00000, 0x00000000ece00000, 0x0000000100000000)
  eden space 30720K, 0% used [0x00000000eab00000,0x00000000eab00000,0x00000000ec900000)
  from space 2560K, 99% used [0x00000000ecb80000,0x00000000ecdff420,0x00000000ece00000)
  to   space 2560K, 0% used [0x00000000ec900000,0x00000000ec900000,0x00000000ecb80000)
 ParOldGen       total 40960K, used 1984K [0x00000000c0000000, 0x00000000c2800000, 0x00000000eab00000)
  object space 40960K, 4% used [0x00000000c0000000,0x00000000c01f01c8,0x00000000c2800000)
 Metaspace       used 5723K, capacity 6704K, committed 6784K, reserved 1056768K
  class space    used 591K, capacity 616K, committed 640K, reserved 1048576K
}
Event: 9.965 GC heap before
{Heap before GC invocations=3 (full 0):
 PSYoungGen      total 33280K, used 33277K [0x00000000eab00000, 0x00000000ece00000, 0x0000000100000000)
  eden space 30720K, 100% used [0x00000000eab00000,0x00000000ec900000,0x00000000ec900000)
  from space 2560K, 99% used [0x00000000ecb80000,0x00000000ecdff420,0x00000000ece00000)
  to   space 2560K, 0% used [0x00000000ec900000,0x00000000ec900000,0x00000000ecb80000)
 ParOldGen       total 40960K, used 1984K [0x00000000c0000000, 0x00000000c2800000, 0x00000000eab00000)
  object space 40960K, 4% used [0x00000000c0000000,0x00000000c01f01c8,0x00000000c2800000)
 Metaspace       used 5839K, capacity 6832K, committed 7040K, reserved 1056768K
  class space    used 593K, capacity 616K, committed 640K, reserved 1048576K
Event: 10.107 GC heap after
Heap after GC invocations=3 (full 0):
 PSYoungGen      total 33280K, used 2539K [0x00000000eab00000, 0x00000000eec00000, 0x0000000100000000)
  eden space 30720K, 0% used [0x00000000eab00000,0x00000000eab00000,0x00000000ec900000)
  from space 2560K, 99% used [0x00000000ec900000,0x00000000ecb7af58,0x00000000ecb80000)
  to   space 2560K, 0% used [0x00000000ee980000,0x00000000ee980000,0x00000000eec00000)
 ParOldGen       total 40960K, used 7340K [0x00000000c0000000, 0x00000000c2800000, 0x00000000eab00000)
  object space 40960K, 17% used [0x00000000c0000000,0x00000000c072b310,0x00000000c2800000)
 Metaspace       used 5839K, capacity 6832K, committed 7040K, reserved 1056768K
  class space    used 593K, capacity 616K, committed 640K, reserved 1048576K
}
Event: 12.901 GC heap before
{Heap before GC invocations=4 (full 0):
 PSYoungGen      total 33280K, used 33259K [0x00000000eab00000, 0x00000000eec00000, 0x0000000100000000)
  eden space 30720K, 100% used [0x00000000eab00000,0x00000000ec900000,0x00000000ec900000)
  from space 2560K, 99% used [0x00000000ec900000,0x00000000ecb7af58,0x00000000ecb80000)
  to   space 2560K, 0% used [0x00000000ee980000,0x00000000ee980000,0x00000000eec00000)
 ParOldGen       total 40960K, used 7340K [0x00000000c0000000, 0x00000000c2800000, 0x00000000eab00000)
  object space 40960K, 17% used [0x00000000c0000000,0x00000000c072b310,0x00000000c2800000)
 Metaspace       used 5937K, capacity 6896K, committed 7040K, reserved 1056768K
  class space    used 593K, capacity 616K, committed 640K, reserved 1048576K
Event: 13.050 GC heap after
Heap after GC invocations=4 (full 0):
 PSYoungGen      total 64000K, used 2539K [0x00000000eab00000, 0x00000000eec00000, 0x0000000100000000)
  eden space 61440K, 0% used [0x00000000eab00000,0x00000000eab00000,0x00000000ee700000)
  from space 2560K, 99% used [0x00000000ee980000,0x00000000eebfaf58,0x00000000eec00000)
  to   space 2560K, 0% used [0x00000000ee700000,0x00000000ee700000,0x00000000ee980000)
 ParOldGen       total 40960K, used 11338K [0x00000000c0000000, 0x00000000c2800000, 0x00000000eab00000)
  object space 40960K, 27% used [0x00000000c0000000,0x00000000c0b12a08,0x00000000c2800000)
 Metaspace       used 5937K, capacity 6896K, committed 7040K, reserved 1056768K
  class space    used 593K, capacity 616K, committed 640K, reserved 1048576K
}
Event: 16.925 GC heap before
{Heap before GC invocations=5 (full 0):
 PSYoungGen      total 64000K, used 63979K [0x00000000eab00000, 0x00000000eec00000, 0x0000000100000000)
  eden space 61440K, 100% used [0x00000000eab00000,0x00000000ee700000,0x00000000ee700000)
  from space 2560K, 99% used [0x00000000ee980000,0x00000000eebfaf58,0x00000000eec00000)
  to   space 2560K, 0% used [0x00000000ee700000,0x00000000ee700000,0x00000000ee980000)
 ParOldGen       total 40960K, used 11338K [0x00000000c0000000, 0x00000000c2800000, 0x00000000eab00000)
  object space 40960K, 27% used [0x00000000c0000000,0x00000000c0b12a08,0x00000000c2800000)
 Metaspace       used 5993K, capacity 6960K, committed 7040K, reserved 1056768K
  class space    used 594K, capacity 616K, committed 640K, reserved 1048576K
Event: 17.211 GC heap after
Heap after GC invocations=5 (full 0):
 PSYoungGen      total 64000K, used 2539K [0x00000000eab00000, 0x00000000f3f00000, 0x0000000100000000)
  eden space 61440K, 0% used [0x00000000eab00000,0x00000000eab00000,0x00000000ee700000)
  from space 2560K, 99% used [0x00000000ee700000,0x00000000ee97af58,0x00000000ee980000)
  to   space 14336K, 0% used [0x00000000f3100000,0x00000000f3100000,0x00000000f3f00000)
 ParOldGen       total 40960K, used 21287K [0x00000000c0000000, 0x00000000c2800000, 0x00000000eab00000)
  object space 40960K, 51% used [0x00000000c0000000,0x00000000c14c9d40,0x00000000c2800000)
 Metaspace       used 5993K, capacity 6960K, committed 7040K, reserved 1056768K
  class space    used 594K, capacity 616K, committed 640K, reserved 1048576K
}
Event: 19.664 GC heap before
{Heap before GC invocations=6 (full 0):
 PSYoungGen      total 64000K, used 63979K [0x00000000eab00000, 0x00000000f3f00000, 0x0000000100000000)
  eden space 61440K, 100% used [0x00000000eab00000,0x00000000ee700000,0x00000000ee700000)
  from space 2560K, 99% used [0x00000000ee700000,0x00000000ee97af58,0x00000000ee980000)
  to   space 14336K, 0% used [0x00000000f3100000,0x00000000f3100000,0x00000000f3f00000)
 ParOldGen       total 40960K, used 21287K [0x00000000c0000000, 0x00000000c2800000, 0x00000000eab00000)
  object space 40960K, 51% used [0x00000000c0000000,0x00000000c14c9d40,0x00000000c2800000)
 Metaspace       used 5999K, capacity 6960K, committed 7040K, reserved 1056768K
  class space    used 594K, capacity 616K, committed 640K, reserved 1048576K
Event: 20.049 GC heap after
Heap after GC invocations=6 (full 0):
 PSYoungGen      total 135168K, used 12304K [0x00000000eab00000, 0x00000000f4300000, 0x0000000100000000)
  eden space 120832K, 0% used [0x00000000eab00000,0x00000000eab00000,0x00000000f2100000)
  from space 14336K, 85% used [0x00000000f3100000,0x00000000f3d042d0,0x00000000f3f00000)
  to   space 16384K, 0% used [0x00000000f2100000,0x00000000f2100000,0x00000000f3100000)
 ParOldGen       total 40960K, used 21287K [0x00000000c0000000, 0x00000000c2800000, 0x00000000eab00000)
  object space 40960K, 51% used [0x00000000c0000000,0x00000000c14c9d40,0x00000000c2800000)
 Metaspace       used 5999K, capacity 6960K, committed 7040K, reserved 1056768K
  class space    used 594K, capacity 616K, committed 640K, reserved 1048576K
}
Event: 26.473 GC heap before
{Heap before GC invocations=7 (full 0):
 PSYoungGen      total 135168K, used 133136K [0x00000000eab00000, 0x00000000f4300000, 0x0000000100000000)
  eden space 120832K, 100% used [0x00000000eab00000,0x00000000f2100000,0x00000000f2100000)
  from space 14336K, 85% used [0x00000000f3100000,0x00000000f3d042d0,0x00000000f3f00000)
  to   space 16384K, 0% used [0x00000000f2100000,0x00000000f2100000,0x00000000f3100000)
 ParOldGen       total 40960K, used 21287K [0x00000000c0000000, 0x00000000c2800000, 0x00000000eab00000)
  object space 40960K, 51% used [0x00000000c0000000,0x00000000c14c9d40,0x00000000c2800000)
 Metaspace       used 6360K, capacity 7192K, committed 7424K, reserved 1056768K
  class space    used 615K, capacity 656K, committed 768K, reserved 1048576K

Deoptimization events (10 events):
Event: 18.133 Thread 0x00007fa2d4163800 Uncommon trap: reason=class_check action=maybe_recompile pc=0x00007fa2c5398d1c method=java.util.HashMap.putVal(ILjava/lang/Object;Ljava/lang/Object;ZZ)Ljava/lang/Object; @ 203
Event: 20.295 Thread 0x00007fa2d415e800 Uncommon trap: reason=unstable_if action=reinterpret pc=0x00007fa2c55b6e58 method=com.android.dx.rop.code.LocalItem.compareHandlesNulls(Lcom/android/dx/rop/cst/CstString;Lcom/android/dx/rop/cst/CstString;)I @ 14
Event: 22.971 Thread 0x00007fa2d415e800 Uncommon trap: reason=bimorphic action=maybe_recompile pc=0x00007fa2c55e1fd8 method=com.android.dx.cf.code.BytecodeArray.parseInstruction(ILcom/android/dx/cf/code/BytecodeArray$Visitor;)I @ 1161
Event: 22.971 Thread 0x00007fa2d415e800 Uncommon trap: reason=bimorphic action=maybe_recompile pc=0x00007fa2c55e1fd8 method=com.android.dx.cf.code.BytecodeArray.parseInstruction(ILcom/android/dx/cf/code/BytecodeArray$Visitor;)I @ 1161
Event: 23.080 Thread 0x00007fa2d415e800 Uncommon trap: reason=bimorphic action=maybe_recompile pc=0x00007fa2c55e1a20 method=com.android.dx.cf.code.BytecodeArray.parseInstruction(ILcom/android/dx/cf/code/BytecodeArray$Visitor;)I @ 907
Event: 23.080 Thread 0x00007fa2d415e800 Uncommon trap: reason=bimorphic action=maybe_recompile pc=0x00007fa2c55e1a20 method=com.android.dx.cf.code.BytecodeArray.parseInstruction(ILcom/android/dx/cf/code/BytecodeArray$Visitor;)I @ 907
Event: 24.759 Thread 0x00007fa2d4163800 Uncommon trap: reason=unstable_if action=reinterpret pc=0x00007fa2c53504fc method=java.util.HashMap.putVal(ILjava/lang/Object;Ljava/lang/Object;ZZ)Ljava/lang/Object; @ 162
Event: 25.535 Thread 0x00007fa2d4164800 Uncommon trap: reason=unstable_if action=reinterpret pc=0x00007fa2c5372ca0 method=java.util.HashMap.getNode(ILjava/lang/Object;)Ljava/util/HashMap$Node; @ 84
Event: 25.535 Thread 0x00007fa2d4164800 Uncommon trap: reason=unstable_if action=reinterpret pc=0x00007fa2c54f4134 method=java.util.HashMap.getNode(ILjava/lang/Object;)Ljava/util/HashMap$Node; @ 84
Event: 26.144 Thread 0x00007fa2d4163800 Uncommon trap: reason=unstable_if action=reinterpret pc=0x00007fa2c55b9d78 method=java.util.HashMap.putVal(ILjava/lang/Object;Ljava/lang/Object;ZZ)Ljava/lang/Object; @ 109

Internal exceptions (6 events):
Event: 0.285 Thread 0x00007fa2d400a000 Exception <a 'java/lang/NoSuchMethodError': Method sun.misc.Unsafe.defineClass(Ljava/lang/String;[BII)Ljava/lang/Class; name or signature does not match> (0x00000000eab07cc0) thrown at [/HUDSON3/workspace/8-2-build-linux-amd64/jdk8u74/6087/hotspot/src/sha
Event: 0.285 Thread 0x00007fa2d400a000 Exception <a 'java/lang/NoSuchMethodError': Method sun.misc.Unsafe.prefetchRead(Ljava/lang/Object;J)V name or signature does not match> (0x00000000eab07fa8) thrown at [/HUDSON3/workspace/8-2-build-linux-amd64/jdk8u74/6087/hotspot/src/share/vm/prims/jni.cp
Event: 20.295 Thread 0x00007fa2d415e800 Implicit null exception at 0x00007fa2c55b5bdd to 0x00007fa2c55b6e2d
Event: 24.762 Thread 0x00007fa2d4163800 Exception <a 'java/lang/ArrayIndexOutOfBoundsException': 18> (0x00000000f09409a0) thrown at [/HUDSON3/workspace/8-2-build-linux-amd64/jdk8u74/6087/hotspot/src/share/vm/interpreter/interpreterRuntime.cpp, line 366]
Event: 24.762 Thread 0x00007fa2d4163800 Exception <a 'java/lang/ArrayIndexOutOfBoundsException': 145> (0x00000000f0942520) thrown at [/HUDSON3/workspace/8-2-build-linux-amd64/jdk8u74/6087/hotspot/src/share/vm/interpreter/interpreterRuntime.cpp, line 366]
Event: 24.794 Thread 0x00007fa2d4163800 Exception <a 'java/lang/ArrayIndexOutOfBoundsException': 40> (0x00000000f0943808) thrown at [/HUDSON3/workspace/8-2-build-linux-amd64/jdk8u74/6087/hotspot/src/share/vm/interpreter/interpreterRuntime.cpp, line 366]

Events (10 events):
Event: 25.535 Thread 0x00007fa2d4164800 DEOPT PACKING pc=0x00007fa2c54f4134 sp=0x00007fa2c11add90
Event: 25.535 Thread 0x00007fa2d4164800 DEOPT UNPACKING pc=0x00007fa2c5005229 sp=0x00007fa2c11add28 mode 2
Event: 25.614 Thread 0x00007fa2d4163800 DEOPT PACKING pc=0x00007fa2c53a4c2c sp=0x00007fa2c12aed10
Event: 25.614 Thread 0x00007fa2d4163800 DEOPT UNPACKING pc=0x00007fa2c5047633 sp=0x00007fa2c12aea10 mode 0
Event: 26.144 Thread 0x00007fa2d4163800 Uncommon trap: trap_request=0xffffff65 fr.pc=0x00007fa2c55b9d78
Event: 26.144 Thread 0x00007fa2d4163800 DEOPT PACKING pc=0x00007fa2c55b9d78 sp=0x00007fa2c12aea70
Event: 26.144 Thread 0x00007fa2d4163800 DEOPT UNPACKING pc=0x00007fa2c5005229 sp=0x00007fa2c12aea10 mode 2
Event: 26.146 Thread 0x00007fa2d400a000 DEOPT PACKING pc=0x00007fa2c56b305f sp=0x00007fa2dcb6e1b0
Event: 26.146 Thread 0x00007fa2d400a000 DEOPT UNPACKING pc=0x00007fa2c5047633 sp=0x00007fa2dcb6ded0 mode 0
Event: 26.391 Executing VM operation: ParallelGCFailedAllocation


Dynamic libraries:
00400000-00401000 r-xp 00000000 08:0a 1217713                            /usr/lib/jvm/java-8-oracle/bin/java
00600000-00601000 rw-p 00000000 08:0a 1217713                            /usr/lib/jvm/java-8-oracle/bin/java
00c68000-00c89000 rw-p 00000000 00:00 0                                  [heap]
c0000000-c2800000 rw-p 00000000 00:00 0 
c2800000-eab00000 ---p 00000000 00:00 0 
eab00000-f4300000 rw-p 00000000 00:00 0 
fca00000-100000000 ---p 00000000 00:00 0 
100000000-1000c0000 rw-p 00000000 00:00 0 
1000c0000-140000000 ---p 00000000 00:00 0 
7fa274000000-7fa274021000 rw-p 00000000 00:00 0 
7fa274021000-7fa278000000 ---p 00000000 00:00 0 
7fa27c000000-7fa27c021000 rw-p 00000000 00:00 0 
7fa27c021000-7fa280000000 ---p 00000000 00:00 0 
7fa280000000-7fa280021000 rw-p 00000000 00:00 0 
7fa280021000-7fa284000000 ---p 00000000 00:00 0 
7fa284000000-7fa284055000 rw-p 00000000 00:00 0 
7fa284055000-7fa288000000 ---p 00000000 00:00 0 
7fa288000000-7fa288021000 rw-p 00000000 00:00 0 
7fa288021000-7fa28c000000 ---p 00000000 00:00 0 
7fa28c000000-7fa28c021000 rw-p 00000000 00:00 0 
7fa28c021000-7fa290000000 ---p 00000000 00:00 0 
7fa290000000-7fa290021000 rw-p 00000000 00:00 0 
7fa290021000-7fa294000000 ---p 00000000 00:00 0 
7fa294000000-7fa294b1e000 rw-p 00000000 00:00 0 
7fa294b1e000-7fa298000000 ---p 00000000 00:00 0 
7fa298000000-7fa2987c6000 rw-p 00000000 00:00 0 
7fa2987c6000-7fa29c000000 ---p 00000000 00:00 0 
7fa29c000000-7fa29c021000 rw-p 00000000 00:00 0 
7fa29c021000-7fa2a0000000 ---p 00000000 00:00 0 
7fa2a0000000-7fa2a0c6f000 rw-p 00000000 00:00 0 
7fa2a0c6f000-7fa2a4000000 ---p 00000000 00:00 0 
7fa2a4000000-7fa2a4021000 rw-p 00000000 00:00 0 
7fa2a4021000-7fa2a8000000 ---p 00000000 00:00 0 
7fa2a8000000-7fa2a8021000 rw-p 00000000 00:00 0 
7fa2a8021000-7fa2ac000000 ---p 00000000 00:00 0 
7fa2ac000000-7fa2ac021000 rw-p 00000000 00:00 0 
7fa2ac021000-7fa2b0000000 ---p 00000000 00:00 0 
7fa2b0000000-7fa2b028c000 rw-p 00000000 00:00 0 
7fa2b028c000-7fa2b4000000 ---p 00000000 00:00 0 
7fa2b4000000-7fa2b4021000 rw-p 00000000 00:00 0 
7fa2b4021000-7fa2b8000000 ---p 00000000 00:00 0 
7fa2b8000000-7fa2b8021000 rw-p 00000000 00:00 0 
7fa2b8021000-7fa2bc000000 ---p 00000000 00:00 0 
7fa2bc000000-7fa2bc021000 rw-p 00000000 00:00 0 
7fa2bc021000-7fa2c0000000 ---p 00000000 00:00 0 
7fa2c0fae000-7fa2c0fb1000 ---p 00000000 00:00 0 
7fa2c0fb1000-7fa2c10af000 rw-p 00000000 00:00 0                          [stack:11948]
7fa2c10af000-7fa2c10b2000 ---p 00000000 00:00 0 
7fa2c10b2000-7fa2c11b0000 rw-p 00000000 00:00 0                          [stack:11947]
7fa2c11b0000-7fa2c11b3000 ---p 00000000 00:00 0 
7fa2c11b3000-7fa2c12b1000 rw-p 00000000 00:00 0                          [stack:11941]
7fa2c12b1000-7fa2c12b4000 ---p 00000000 00:00 0 
7fa2c12b4000-7fa2c13b2000 rw-p 00000000 00:00 0                          [stack:11937]
7fa2c13b2000-7fa2c13b5000 ---p 00000000 00:00 0 
7fa2c13b5000-7fa2c14b3000 rw-p 00000000 00:00 0                          [stack:11936]
7fa2c14b3000-7fa2c14c8000 r--s 000e5000 00:1b 2890811                    /home/vishal/AndroidStudioProjects/UserApp/app/build/intermediates/exploded-aar/com.android.support/support-v4/23.1.1/jars/classes.jar
7fa2c14c8000-7fa2c14c9000 ---p 00000000 00:00 0 
7fa2c14c9000-7fa2c15c9000 rw-p 00000000 00:00 0                          [stack:11930]
7fa2c15c9000-7fa2c15cc000 ---p 00000000 00:00 0 
7fa2c15cc000-7fa2c16ca000 rw-p 00000000 00:00 0                          [stack:11929]
7fa2c16ca000-7fa2c16cd000 ---p 00000000 00:00 0 
7fa2c16cd000-7fa2c17cb000 rw-p 00000000 00:00 0                          [stack:11928]
7fa2c17cb000-7fa2c17ce000 ---p 00000000 00:00 0 
7fa2c17ce000-7fa2c18cc000 rw-p 00000000 00:00 0                          [stack:11927]
7fa2c18cc000-7fa2c18cf000 ---p 00000000 00:00 0 
7fa2c18cf000-7fa2c19cd000 rw-p 00000000 00:00 0                          [stack:11926]
7fa2c19cd000-7fa2c19d0000 ---p 00000000 00:00 0 
7fa2c19d0000-7fa2c1ace000 rw-p 00000000 00:00 0                          [stack:11925]
7fa2c1ace000-7fa2c21b0000 r--p 00000000 08:0a 1187276                    /usr/lib/locale/locale-archive
7fa2c21b0000-7fa2c21b3000 ---p 00000000 00:00 0 
7fa2c21b3000-7fa2c22b1000 rw-p 00000000 00:00 0                          [stack:11924]
7fa2c22b1000-7fa2c22b4000 ---p 00000000 00:00 0 
7fa2c22b4000-7fa2c23b2000 rw-p 00000000 00:00 0                          [stack:11923]
7fa2c23b2000-7fa2c23b3000 ---p 00000000 00:00 0 
7fa2c23b3000-7fa2c5000000 rw-p 00000000 00:00 0                          [stack:11922]
7fa2c5000000-7fa2c5710000 rwxp 00000000 00:00 0 
7fa2c5710000-7fa2d4000000 ---p 00000000 00:00 0 
7fa2d4000000-7fa2d43a3000 rw-p 00000000 00:00 0 
7fa2d43a3000-7fa2d8000000 ---p 00000000 00:00 0 
7fa2d8003000-7fa2d8012000 r--s 000df000 00:1b 2666915                    /home/vishal/Android/Sdk/build-tools/23.0.2/lib/dx.jar
7fa2d8012000-7fa2d8486000 rw-p 00000000 00:00 0 
7fa2d8486000-7fa2d865e000 r--s 03d1d000 08:0a 1218000                    /usr/lib/jvm/java-8-oracle/jre/lib/rt.jar
7fa2d865e000-7fa2d8d54000 rw-p 00000000 00:00 0 
7fa2d8d54000-7fa2d8ed4000 ---p 00000000 00:00 0 
7fa2d8ed4000-7fa2d90d4000 rw-p 00000000 00:00 0 
7fa2d90d4000-7fa2d90d5000 ---p 00000000 00:00 0 
7fa2d90d5000-7fa2d91d5000 rw-p 00000000 00:00 0                          [stack:11921]
7fa2d91d5000-7fa2d91d6000 ---p 00000000 00:00 0 
7fa2d91d6000-7fa2d92d6000 rw-p 00000000 00:00 0                          [stack:11920]
7fa2d92d6000-7fa2d92d7000 ---p 00000000 00:00 0 
7fa2d92d7000-7fa2d93d7000 rw-p 00000000 00:00 0                          [stack:11918]
7fa2d93d7000-7fa2d93d8000 ---p 00000000 00:00 0 
7fa2d93d8000-7fa2d94ec000 rw-p 00000000 00:00 0                          [stack:11917]
7fa2d94ec000-7fa2d962e000 ---p 00000000 00:00 0 
7fa2d962e000-7fa2d9642000 rw-p 00000000 00:00 0 
7fa2d9642000-7fa2d9783000 ---p 00000000 00:00 0 
7fa2d9783000-7fa2d97d0000 rw-p 00000000 00:00 0 
7fa2d97d0000-7fa2d982e000 ---p 00000000 00:00 0 
7fa2d982e000-7fa2d984c000 rw-p 00000000 00:00 0 
7fa2d984c000-7fa2d9bef000 ---p 00000000 00:00 0 
7fa2d9bef000-7fa2d9c09000 r-xp 00000000 08:0a 1218016                    /usr/lib/jvm/java-8-oracle/jre/lib/amd64/libzip.so
7fa2d9c09000-7fa2d9e09000 ---p 0001a000 08:0a 1218016                    /usr/lib/jvm/java-8-oracle/jre/lib/amd64/libzip.so
7fa2d9e09000-7fa2d9e0a000 rw-p 0001a000 08:0a 1218016                    /usr/lib/jvm/java-8-oracle/jre/lib/amd64/libzip.so
7fa2d9e0a000-7fa2d9e15000 r-xp 00000000 08:0a 6445803                    /lib/x86_64-linux-gnu/libnss_files-2.19.so
7fa2d9e15000-7fa2da014000 ---p 0000b000 08:0a 6445803                    /lib/x86_64-linux-gnu/libnss_files-2.19.so
7fa2da014000-7fa2da015000 r--p 0000a000 08:0a 6445803                    /lib/x86_64-linux-gnu/libnss_files-2.19.so
7fa2da015000-7fa2da016000 rw-p 0000b000 08:0a 6445803                    /lib/x86_64-linux-gnu/libnss_files-2.19.so
7fa2da016000-7fa2da021000 r-xp 00000000 08:0a 6445795                    /lib/x86_64-linux-gnu/libnss_nis-2.19.so
7fa2da021000-7fa2da220000 ---p 0000b000 08:0a 6445795                    /lib/x86_64-linux-gnu/libnss_nis-2.19.so
7fa2da220000-7fa2da221000 r--p 0000a000 08:0a 6445795                    /lib/x86_64-linux-gnu/libnss_nis-2.19.so
7fa2da221000-7fa2da222000 rw-p 0000b000 08:0a 6445795                    /lib/x86_64-linux-gnu/libnss_nis-2.19.so
7fa2da222000-7fa2da239000 r-xp 00000000 08:0a 6445791                    /lib/x86_64-linux-gnu/libnsl-2.19.so
7fa2da239000-7fa2da438000 ---p 00017000 08:0a 6445791                    /lib/x86_64-linux-gnu/libnsl-2.19.so
7fa2da438000-7fa2da439000 r--p 00016000 08:0a 6445791                    /lib/x86_64-linux-gnu/libnsl-2.19.so
7fa2da439000-7fa2da43a000 rw-p 00017000 08:0a 6445791                    /lib/x86_64-linux-gnu/libnsl-2.19.so
7fa2da43a000-7fa2da43c000 rw-p 00000000 00:00 0 
7fa2da43c000-7fa2da445000 r-xp 00000000 08:0a 6445790                    /lib/x86_64-linux-gnu/libnss_compat-2.19.so
7fa2da445000-7fa2da644000 ---p 00009000 08:0a 6445790                    /lib/x86_64-linux-gnu/libnss_compat-2.19.so
7fa2da644000-7fa2da645000 r--p 00008000 08:0a 6445790                    /lib/x86_64-linux-gnu/libnss_compat-2.19.so
7fa2da645000-7fa2da646000 rw-p 00009000 08:0a 6445790                    /lib/x86_64-linux-gnu/libnss_compat-2.19.so
7fa2da646000-7fa2da670000 r-xp 00000000 08:0a 1218013                    /usr/lib/jvm/java-8-oracle/jre/lib/amd64/libjava.so
7fa2da670000-7fa2da870000 ---p 0002a000 08:0a 1218013                    /usr/lib/jvm/java-8-oracle/jre/lib/amd64/libjava.so
7fa2da870000-7fa2da872000 rw-p 0002a000 08:0a 1218013                    /usr/lib/jvm/java-8-oracle/jre/lib/amd64/libjava.so
7fa2da872000-7fa2da87f000 r-xp 00000000 08:0a 1218014                    /usr/lib/jvm/java-8-oracle/jre/lib/amd64/libverify.so
7fa2da87f000-7fa2daa7f000 ---p 0000d000 08:0a 1218014                    /usr/lib/jvm/java-8-oracle/jre/lib/amd64/libverify.so
7fa2daa7f000-7fa2daa81000 rw-p 0000d000 08:0a 1218014                    /usr/lib/jvm/java-8-oracle/jre/lib/amd64/libverify.so
7fa2daa81000-7fa2daa88000 r-xp 00000000 08:0a 6445799                    /lib/x86_64-linux-gnu/librt-2.19.so
7fa2daa88000-7fa2dac87000 ---p 00007000 08:0a 6445799                    /lib/x86_64-linux-gnu/librt-2.19.so
7fa2dac87000-7fa2dac88000 r--p 00006000 08:0a 6445799                    /lib/x86_64-linux-gnu/librt-2.19.so
7fa2dac88000-7fa2dac89000 rw-p 00007000 08:0a 6445799                    /lib/x86_64-linux-gnu/librt-2.19.so
7fa2dac89000-7fa2dad8e000 r-xp 00000000 08:0a 6445785                    /lib/x86_64-linux-gnu/libm-2.19.so
7fa2dad8e000-7fa2daf8d000 ---p 00105000 08:0a 6445785                    /lib/x86_64-linux-gnu/libm-2.19.so
7fa2daf8d000-7fa2daf8e000 r--p 00104000 08:0a 6445785                    /lib/x86_64-linux-gnu/libm-2.19.so
7fa2daf8e000-7fa2daf8f000 rw-p 00105000 08:0a 6445785                    /lib/x86_64-linux-gnu/libm-2.19.so
7fa2daf8f000-7fa2dbc4e000 r-xp 00000000 08:0a 1218019                    /usr/lib/jvm/java-8-oracle/jre/lib/amd64/server/libjvm.so
7fa2dbc4e000-7fa2dbe4d000 ---p 00cbf000 08:0a 1218019                    /usr/lib/jvm/java-8-oracle/jre/lib/amd64/server/libjvm.so
7fa2dbe4d000-7fa2dbf26000 rw-p 00cbe000 08:0a 1218019                    /usr/lib/jvm/java-8-oracle/jre/lib/amd64/server/libjvm.so
7fa2dbf26000-7fa2dbf6f000 rw-p 00000000 00:00 0 
7fa2dbf6f000-7fa2dc12a000 r-xp 00000000 08:0a 6445800                    /lib/x86_64-linux-gnu/libc-2.19.so
7fa2dc12a000-7fa2dc329000 ---p 001bb000 08:0a 6445800                    /lib/x86_64-linux-gnu/libc-2.19.so
7fa2dc329000-7fa2dc32d000 r--p 001ba000 08:0a 6445800                    /lib/x86_64-linux-gnu/libc-2.19.so
7fa2dc32d000-7fa2dc32f000 rw-p 001be000 08:0a 6445800                    /lib/x86_64-linux-gnu/libc-2.19.so
7fa2dc32f000-7fa2dc334000 rw-p 00000000 00:00 0 
7fa2dc334000-7fa2dc337000 r-xp 00000000 08:0a 6445787                    /lib/x86_64-linux-gnu/libdl-2.19.so
7fa2dc337000-7fa2dc536000 ---p 00003000 08:0a 6445787                    /lib/x86_64-linux-gnu/libdl-2.19.so
7fa2dc536000-7fa2dc537000 r--p 00002000 08:0a 6445787                    /lib/x86_64-linux-gnu/libdl-2.19.so
7fa2dc537000-7fa2dc538000 rw-p 00003000 08:0a 6445787                    /lib/x86_64-linux-gnu/libdl-2.19.so
7fa2dc538000-7fa2dc54d000 r-xp 00000000 08:0a 1217683                    /usr/lib/jvm/java-8-oracle/lib/amd64/jli/libjli.so
7fa2dc54d000-7fa2dc74d000 ---p 00015000 08:0a 1217683                    /usr/lib/jvm/java-8-oracle/lib/amd64/jli/libjli.so
7fa2dc74d000-7fa2dc74e000 rw-p 00015000 08:0a 1217683                    /usr/lib/jvm/java-8-oracle/lib/amd64/jli/libjli.so
7fa2dc74e000-7fa2dc767000 r-xp 00000000 08:0a 6445792                    /lib/x86_64-linux-gnu/libpthread-2.19.so
7fa2dc767000-7fa2dc966000 ---p 00019000 08:0a 6445792                    /lib/x86_64-linux-gnu/libpthread-2.19.so
7fa2dc966000-7fa2dc967000 r--p 00018000 08:0a 6445792                    /lib/x86_64-linux-gnu/libpthread-2.19.so
7fa2dc967000-7fa2dc968000 rw-p 00019000 08:0a 6445792                    /lib/x86_64-linux-gnu/libpthread-2.19.so
7fa2dc968000-7fa2dc96c000 rw-p 00000000 00:00 0 
7fa2dc96c000-7fa2dc98f000 r-xp 00000000 08:0a 6445793                    /lib/x86_64-linux-gnu/ld-2.19.so
7fa2dc996000-7fa2dca6f000 rw-p 00000000 00:00 0 
7fa2dca6f000-7fa2dca72000 ---p 00000000 00:00 0 
7fa2dca72000-7fa2dcb74000 rw-p 00000000 00:00 0                          [stack:11915]
7fa2dcb81000-7fa2dcb82000 rw-p 00000000 00:00 0 
7fa2dcb82000-7fa2dcb8a000 rw-s 00000000 08:0a 1855198                    /tmp/hsperfdata_vishal/11913
7fa2dcb8a000-7fa2dcb8b000 rw-p 00000000 00:00 0 
7fa2dcb8b000-7fa2dcb8c000 ---p 00000000 00:00 0 
7fa2dcb8c000-7fa2dcb8e000 rw-p 00000000 00:00 0 
7fa2dcb8e000-7fa2dcb8f000 r--p 00022000 08:0a 6445793                    /lib/x86_64-linux-gnu/ld-2.19.so
7fa2dcb8f000-7fa2dcb90000 rw-p 00023000 08:0a 6445793                    /lib/x86_64-linux-gnu/ld-2.19.so
7fa2dcb90000-7fa2dcb91000 rw-p 00000000 00:00 0 
7ffc12789000-7ffc127ab000 rw-p 00000000 00:00 0                          [stack]
7ffc127de000-7ffc127e0000 r--p 00000000 00:00 0                          [vvar]
7ffc127e0000-7ffc127e2000 r-xp 00000000 00:00 0                          [vdso]
ffffffffff600000-ffffffffff601000 r-xp 00000000 00:00 0                  [vsyscall]

VM Arguments:
jvm_args: -Djava.awt.headless=true -Xmx1024M -Dfile.encoding=UTF-8 -Duser.country=IN -Duser.language=en -Duser.variant 
java_command: com.android.dx.command.Main --dex --num-threads=4 --output /home/vishal/AndroidStudioProjects/UserApp/app/build/intermediates/pre-dexed/debug/com.android.support-support-v4-23.1.1_d24dd64b93b6d8732d435b9e9aeccf65377d9712.jar /home/vishal/AndroidStudioProjects/UserApp/app/build/intermediates/exploded-aar/com.android.support/support-v4/23.1.1/jars/classes.jar
java_class_path (initial): /home/vishal/Android/Sdk/build-tools/23.0.2/lib/dx.jar
Launcher Type: SUN_STANDARD

Environment Variables:
JAVA_HOME=/usr/lib/jvm/java-8-oracle
PATH=/usr/local/sbin:/usr/local/bin:/usr/sbin:/usr/bin:/sbin:/bin:/usr/games:/usr/local/games:/usr/lib/jvm/java-8-oracle/bin:/usr/lib/jvm/java-8-oracle/db/bin:/usr/lib/jvm/java-8-oracle/jre/bin
LD_LIBRARY_PATH=.:
SHELL=/bin/bash
DISPLAY=:0

Signal Handlers:
SIGSEGV: [libjvm.so+0xabb070], sa_mask[0]=11111111011111111101111111111110, sa_flags=SA_RESTART|SA_SIGINFO
SIGBUS: [libjvm.so+0xabb070], sa_mask[0]=11111111011111111101111111111110, sa_flags=SA_RESTART|SA_SIGINFO
SIGFPE: [libjvm.so+0x918480], sa_mask[0]=11111111011111111101111111111110, sa_flags=SA_RESTART|SA_SIGINFO
SIGPIPE: [libjvm.so+0x918480], sa_mask[0]=11111111011111111101111111111110, sa_flags=SA_RESTART|SA_SIGINFO
SIGXFSZ: [libjvm.so+0x918480], sa_mask[0]=11111111011111111101111111111110, sa_flags=SA_RESTART|SA_SIGINFO
SIGILL: [libjvm.so+0x918480], sa_mask[0]=11111111011111111101111111111110, sa_flags=SA_RESTART|SA_SIGINFO
SIGUSR1: SIG_DFL, sa_mask[0]=00000000000000000000000000000000, sa_flags=none
SIGUSR2: [libjvm.so+0x919ab0], sa_mask[0]=00100000000000000000000000000000, sa_flags=SA_RESTART|SA_SIGINFO
SIGHUP: [libjvm.so+0x91aeb0], sa_mask[0]=11111111011111111101111111111110, sa_flags=SA_RESTART|SA_SIGINFO
SIGINT: [libjvm.so+0x91aeb0], sa_mask[0]=11111111011111111101111111111110, sa_flags=SA_RESTART|SA_SIGINFO
SIGTERM: [libjvm.so+0x91aeb0], sa_mask[0]=11111111011111111101111111111110, sa_flags=SA_RESTART|SA_SIGINFO
SIGQUIT: [libjvm.so+0x91aeb0], sa_mask[0]=11111111011111111101111111111110, sa_flags=SA_RESTART|SA_SIGINFO


---------------  S Y S T E M  ---------------

OS:DISTRIB_ID=Ubuntu
DISTRIB_RELEASE=14.04
DISTRIB_CODENAME=trusty
DISTRIB_DESCRIPTION="Ubuntu 14.04.4 LTS"

uname:Linux 3.19.0-47-generic #53~14.04.1-Ubuntu SMP Mon Jan 18 16:09:14 UTC 2016 x86_64
libc:glibc 2.19 NPTL 2.19 
rlimit: STACK 8192k, CORE 0k, NPROC 14967, NOFILE 4096, AS infinity
load average:27.37 8.78 3.41

/proc/meminfo:
MemTotal:        3909480 kB
MemFree:          438796 kB
MemAvailable:     404068 kB
Buffers:            2884 kB
Cached:           357428 kB
SwapCached:            0 kB
Active:          2961896 kB
Inactive:         343328 kB
Active(anon):    2955448 kB
Inactive(anon):   290252 kB
Active(file):       6448 kB
Inactive(file):    53076 kB
Unevictable:          32 kB
Mlocked:              32 kB
SwapTotal:             0 kB
SwapFree:              0 kB
Dirty:               240 kB
Writeback:             0 kB
AnonPages:       2945416 kB
Mapped:            83604 kB
Shmem:            300436 kB
Slab:              82944 kB
SReclaimable:      39948 kB
SUnreclaim:        42996 kB
KernelStack:        9312 kB
PageTables:        33368 kB
NFS_Unstable:          0 kB
Bounce:                0 kB
WritebackTmp:          0 kB
CommitLimit:     1954740 kB
Committed_AS:    6101600 kB
VmallocTotal:   34359738367 kB
VmallocUsed:      347504 kB
VmallocChunk:   34359347264 kB
HardwareCorrupted:     0 kB
AnonHugePages:   1077248 kB
CmaTotal:              0 kB
CmaFree:               0 kB
HugePages_Total:       0
HugePages_Free:        0
HugePages_Rsvd:        0
HugePages_Surp:        0
Hugepagesize:       2048 kB
DirectMap4k:      110052 kB
DirectMap2M:     3946496 kB


CPU:total 4 (2 cores per cpu, 2 threads per core) family 6 model 58 stepping 9, cmov, cx8, fxsr, mmx, sse, sse2, sse3, ssse3, sse4.1, sse4.2, popcnt, avx, clmul, erms, ht, tsc, tscinvbit, tscinv

/proc/cpuinfo:
processor	: 0
vendor_id	: GenuineIntel
cpu family	: 6
model		: 58
model name	: Intel(R) Core(TM) i3-3110M CPU @ 2.40GHz
stepping	: 9
microcode	: 0x15
cpu MHz		: 1200.000
cache size	: 3072 KB
physical id	: 0
siblings	: 4
core id		: 0
cpu cores	: 2
apicid		: 0
initial apicid	: 0
fpu		: yes
fpu_exception	: yes
cpuid level	: 13
wp		: yes
flags		: fpu vme de pse tsc msr pae mce cx8 apic sep mtrr pge mca cmov pat pse36 clflush dts acpi mmx fxsr sse sse2 ss ht tm pbe syscall nx rdtscp lm constant_tsc arch_perfmon pebs bts rep_good nopl xtopology nonstop_tsc aperfmperf eagerfpu pni pclmulqdq dtes64 monitor ds_cpl vmx est tm2 ssse3 cx16 xtpr pdcm pcid sse4_1 sse4_2 x2apic popcnt tsc_deadline_timer xsave avx f16c lahf_lm arat epb pln pts dtherm tpr_shadow vnmi flexpriority ept vpid fsgsbase smep erms xsaveopt
bugs		:
bogomips	: 4788.80
clflush size	: 64
cache_alignment	: 64
address sizes	: 36 bits physical, 48 bits virtual
power management:

processor	: 1
vendor_id	: GenuineIntel
cpu family	: 6
model		: 58
model name	: Intel(R) Core(TM) i3-3110M CPU @ 2.40GHz
stepping	: 9
microcode	: 0x15
cpu MHz		: 1200.187
cache size	: 3072 KB
physical id	: 0
siblings	: 4
core id		: 1
cpu cores	: 2
apicid		: 2
initial apicid	: 2
fpu		: yes
fpu_exception	: yes
cpuid level	: 13
wp		: yes
flags		: fpu vme de pse tsc msr pae mce cx8 apic sep mtrr pge mca cmov pat pse36 clflush dts acpi mmx fxsr sse sse2 ss ht tm pbe syscall nx rdtscp lm constant_tsc arch_perfmon pebs bts rep_good nopl xtopology nonstop_tsc aperfmperf eagerfpu pni pclmulqdq dtes64 monitor ds_cpl vmx est tm2 ssse3 cx16 xtpr pdcm pcid sse4_1 sse4_2 x2apic popcnt tsc_deadline_timer xsave avx f16c lahf_lm arat epb pln pts dtherm tpr_shadow vnmi flexpriority ept vpid fsgsbase smep erms xsaveopt
bugs		:
bogomips	: 4788.80
clflush size	: 64
cache_alignment	: 64
address sizes	: 36 bits physical, 48 bits virtual
power management:

processor	: 2
vendor_id	: GenuineIntel
cpu family	: 6
model		: 58
model name	: Intel(R) Core(TM) i3-3110M CPU @ 2.40GHz
stepping	: 9
microcode	: 0x15
cpu MHz		: 1200.562
cache size	: 3072 KB
physical id	: 0
siblings	: 4
core id		: 0
cpu cores	: 2
apicid		: 1
initial apicid	: 1
fpu		: yes
fpu_exception	: yes
cpuid level	: 13
wp		: yes
flags		: fpu vme de pse tsc msr pae mce cx8 apic sep mtrr pge mca cmov pat pse36 clflush dts acpi mmx fxsr sse sse2 ss ht tm pbe syscall nx rdtscp lm constant_tsc arch_perfmon pebs bts rep_good nopl xtopology nonstop_tsc aperfmperf eagerfpu pni pclmulqdq dtes64 monitor ds_cpl vmx est tm2 ssse3 cx16 xtpr pdcm pcid sse4_1 sse4_2 x2apic popcnt tsc_deadline_timer xsave avx f16c lahf_lm arat epb pln pts dtherm tpr_shadow vnmi flexpriority ept vpid fsgsbase smep erms xsaveopt
bugs		:
bogomips	: 4788.80
clflush size	: 64
cache_alignment	: 64
address sizes	: 36 bits physical, 48 bits virtual
power management:

processor	: 3
vendor_id	: GenuineIntel
cpu family	: 6
model		: 58
model name	: Intel(R) Core(TM) i3-3110M CPU @ 2.40GHz
stepping	: 9
microcode	: 0x15
cpu MHz		: 1200.093
cache size	: 3072 KB
physical id	: 0
siblings	: 4
core id		: 1
cpu cores	: 2
apicid		: 3
initial apicid	: 3
fpu		: yes
fpu_exception	: yes
cpuid level	: 13
wp		: yes
flags		: fpu vme de pse tsc msr pae mce cx8 apic sep mtrr pge mca cmov pat pse36 clflush dts acpi mmx fxsr sse sse2 ss ht tm pbe syscall nx rdtscp lm constant_tsc arch_perfmon pebs bts rep_good nopl xtopology nonstop_tsc aperfmperf eagerfpu pni pclmulqdq dtes64 monitor ds_cpl vmx est tm2 ssse3 cx16 xtpr pdcm pcid sse4_1 sse4_2 x2apic popcnt tsc_deadline_timer xsave avx f16c lahf_lm arat epb pln pts dtherm tpr_shadow vnmi flexpriority ept vpid fsgsbase smep erms xsaveopt
bugs		:
bogomips	: 4788.80
clflush size	: 64
cache_alignment	: 64
address sizes	: 36 bits physical, 48 bits virtual
power management:



Memory: 4k page, physical 3909480k(435664k free), swap 0k(0k free)

vm_info: Java HotSpot(TM) 64-Bit Server VM (25.74-b02) for linux-amd64 JRE (1.8.0_74-b02), built on Jan 29 2016 19:20:56 by "java_re" with gcc 4.3.0 20080428 (Red Hat 4.3.0-8)

time: Thu Mar 31 18:34:46 2016
elapsed time: 52 seconds (0d 0h 0m 52s)

